<?xml version="1.0" encoding="UTF-8" ?>
<testsuite tests="40" failures="1" name="Comgeneric.Imed.Imed.IMED_Test" time="8.504" errors="0" skipped="39">
  <properties>
    <property name="java.runtime.name" value="Java(TM) SE Runtime Environment"/>
    <property name="sun.boot.library.path" value="C:\Program Files\Java\jre1.8.0_121\bin"/>
    <property name="java.vm.version" value="25.121-b13"/>
    <property name="java.vm.vendor" value="Oracle Corporation"/>
    <property name="maven.multiModuleProjectDirectory" value="D:\Sahil_workspace\Imed"/>
    <property name="java.vendor.url" value="http://java.oracle.com/"/>
    <property name="path.separator" value=";"/>
    <property name="guice.disable.misplaced.annotation.check" value="true"/>
    <property name="java.vm.name" value="Java HotSpot(TM) 64-Bit Server VM"/>
    <property name="file.encoding.pkg" value="sun.io"/>
    <property name="user.script" value=""/>
    <property name="user.country" value="IN"/>
    <property name="sun.java.launcher" value="SUN_STANDARD"/>
    <property name="sun.os.patch.level" value=""/>
    <property name="java.vm.specification.name" value="Java Virtual Machine Specification"/>
    <property name="user.dir" value="D:\Sahil_workspace\Imed"/>
    <property name="java.runtime.version" value="1.8.0_121-b13"/>
    <property name="java.awt.graphicsenv" value="sun.awt.Win32GraphicsEnvironment"/>
    <property name="java.endorsed.dirs" value="C:\Program Files\Java\jre1.8.0_121\lib\endorsed"/>
    <property name="os.arch" value="amd64"/>
    <property name="java.io.tmpdir" value="C:\Users\AEZION~1.DEV\AppData\Local\Temp\"/>
    <property name="line.separator" value="
"/>
    <property name="java.vm.specification.vendor" value="Oracle Corporation"/>
    <property name="user.variant" value=""/>
    <property name="os.name" value="Windows 8.1"/>
    <property name="classworlds.conf" value="D:\Sahil_workspace\.metadata\.plugins\org.eclipse.m2e.launching\launches\m2conf8167019549346593822.tmp"/>
    <property name="sun.jnu.encoding" value="Cp1252"/>
    <property name="java.library.path" value="C:\Program Files\Java\jre1.8.0_121\bin;C:\windows\Sun\Java\bin;C:\windows\system32;C:\windows;C:/Program Files/Java/jre1.8.0_121/bin/server;C:/Program Files/Java/jre1.8.0_121/bin;C:/Program Files/Java/jre1.8.0_121/lib/amd64;C:\ProgramData\Oracle\Java\javapath;C:\Program Files (x86)\Intel\iCLS Client\;C:\Program Files\Intel\iCLS Client\;C:\windows\system32;C:\windows;C:\windows\System32\Wbem;C:\windows\System32\WindowsPowerShell\v1.0\;C:\Program Files\Intel\Intel(R) Management Engine Components\DAL;C:\Program Files (x86)\Intel\Intel(R) Management Engine Components\DAL;C:\Program Files\Intel\Intel(R) Management Engine Components\IPT;C:\Program Files (x86)\Intel\Intel(R) Management Engine Components\IPT;C:\Program Files\Intel\WiFi\bin\;C:\Program Files\Common Files\Intel\WirelessCommon\;C:\Program Files (x86)\Common Files\lenovo\easyplussdk\bin;C:\ProgramData\Lenovo\ReadyApps;C:\Program Files (x86)\Brackets\command;C:\Program Files\Java\jdk1.8.0_121\bin;C:\Program Files\apache-maven-3.3.9\bin;C:\adt-bundle-windows-x86-20140702\sdk\tools;C:\adt-bundle-windows-x86-20140702\sdk\platform-tools;C:\Program Files\nodejs\;C:\Program Files (x86)\Appium\node_modules\.bin;C:\Program Files\Microsoft SQL Server\110\Tools\Binn\;C:\Program Files (x86)\Microsoft SQL Server\110\Tools\Binn\ManagementStudio\;C:\Program Files (x86)\Microsoft SQL Server\110\Tools\Binn\;C:\Program Files (x86)\Microsoft SQL Server\110\DTS\Binn\;C:\Users\Aezion.Dev10\AppData\Roaming\npm;D:\eclipse-jee-mars-1-win32-x86_64\eclipse;;."/>
    <property name="java.specification.name" value="Java Platform API Specification"/>
    <property name="java.class.version" value="52.0"/>
    <property name="sun.management.compiler" value="HotSpot 64-Bit Tiered Compilers"/>
    <property name="os.version" value="6.3"/>
    <property name="user.home" value="C:\Users\Aezion.Dev10"/>
    <property name="user.timezone" value="Asia/Calcutta"/>
    <property name="java.awt.printerjob" value="sun.awt.windows.WPrinterJob"/>
    <property name="java.specification.version" value="1.8"/>
    <property name="file.encoding" value="Cp1252"/>
    <property name="user.name" value="Aezion.Dev10"/>
    <property name="java.class.path" value="/D:/eclipse-jee-mars-1-win32-x86_64/eclipse/plugins/org.eclipse.m2e.maven.runtime_1.6.3.20160209-1444/jars/plexus-classworlds-2.5.2.jar"/>
    <property name="java.vm.specification.version" value="1.8"/>
    <property name="sun.arch.data.model" value="64"/>
    <property name="java.home" value="C:\Program Files\Java\jre1.8.0_121"/>
    <property name="sun.java.command" value="org.codehaus.plexus.classworlds.launcher.Launcher -B test"/>
    <property name="java.specification.vendor" value="Oracle Corporation"/>
    <property name="user.language" value="en"/>
    <property name="awt.toolkit" value="sun.awt.windows.WToolkit"/>
    <property name="java.vm.info" value="mixed mode"/>
    <property name="java.version" value="1.8.0_121"/>
    <property name="java.ext.dirs" value="C:\Program Files\Java\jre1.8.0_121\lib\ext;C:\windows\Sun\Java\lib\ext"/>
    <property name="sun.boot.class.path" value="C:\Program Files\Java\jre1.8.0_121\lib\resources.jar;C:\Program Files\Java\jre1.8.0_121\lib\rt.jar;C:\Program Files\Java\jre1.8.0_121\lib\sunrsasign.jar;C:\Program Files\Java\jre1.8.0_121\lib\jsse.jar;C:\Program Files\Java\jre1.8.0_121\lib\jce.jar;C:\Program Files\Java\jre1.8.0_121\lib\charsets.jar;C:\Program Files\Java\jre1.8.0_121\lib\jfr.jar;C:\Program Files\Java\jre1.8.0_121\classes"/>
    <property name="java.vendor" value="Oracle Corporation"/>
    <property name="maven.home" value="D:\Sahil_workspace\Imed\EMBEDDED"/>
    <property name="file.separator" value="\"/>
    <property name="java.vendor.url.bug" value="http://bugreport.sun.com/bugreport/"/>
    <property name="sun.cpu.endian" value="little"/>
    <property name="sun.io.unicode.encoding" value="UnicodeLittle"/>
    <property name="sun.desktop" value="windows"/>
    <property name="sun.cpu.isalist" value="amd64"/>
  </properties>
  <testcase classname="Comgeneric.Imed.Imed.IMED_Test" name="LoginIMed" time="8.46">
    <failure message="org/apache/poi/xssf/usermodel/XSSFWorkbook" type="java.lang.NoClassDefFoundError">java.lang.NoClassDefFoundError: org/apache/poi/xssf/usermodel/XSSFWorkbook
	at Comgeneric.Imed.Imed.Login.loginToIMED(Login.java:53)
	at Comgeneric.Imed.Imed.IMED_Test.LoginIMed(IMED_Test.java:64)
Caused by: java.lang.ClassNotFoundException: org.apache.poi.xssf.usermodel.XSSFWorkbook
	at java.net.URLClassLoader.findClass(Unknown Source)
	at java.lang.ClassLoader.loadClass(Unknown Source)
	at sun.misc.Launcher$AppClassLoader.loadClass(Unknown Source)
	at java.lang.ClassLoader.loadClass(Unknown Source)
	... 38 more
</failure>
    <system-out>Configuring TestNG with: org.apache.maven.surefire.testng.conf.TestNGMapConfigurator@2328c243
</system-out>
    <system-err>1517210022477	geckodriver	INFO	geckodriver 0.19.1
1517210022492	geckodriver	INFO	Listening on 127.0.0.1:41494
1517210023247	mozrunner::runner	INFO	Running command: &quot;C:\\Program Files\\Mozilla Firefox\\firefox.exe&quot; &quot;-marionette&quot; &quot;-profile&quot; &quot;C:\\Users\\AEZION~1.DEV\\AppData\\Local\\Temp\\rust_mozprofile.bMOk8W3Q0aUA&quot;
1517210024629	Marionette	INFO	Enabled via --marionette
Unable to read VR Path Registry from C:\Users\Aezion.Dev10\AppData\Local\openvr\openvrpaths.vrpath
[Child 28796, Chrome_ChildThread] WARNING: pipe error: 109: file z:/build/build/src/ipc/chromium/src/chrome/common/ipc_channel_win.cc, line 346
[Child 28796, Chrome_ChildThread] WARNING: pipe error: 109: file z:/build/build/src/ipc/chromium/src/chrome/common/ipc_channel_win.cc, line 346
1517210027164	Marionette	INFO	Listening on port 64235
1517210027391	Marionette	WARN	TLS certificate errors will be ignored for this session
1517210027501	Marionette	DEBUG	Register listener.js for window 4294967297
Jan 29, 2018 12:43:47 PM org.openqa.selenium.remote.ProtocolHandshake createSession
INFO: Detected dialect: W3C
</system-err>
  </testcase>
  <testcase classname="Comgeneric.Imed.Imed.IMED_Test" name="CustomerDashboard" time="0">
    <skipped/>
  </testcase>
  <testcase classname="Comgeneric.Imed.Imed.IMED_Test" name="Logout" time="0.008">
    <skipped/>
  </testcase>
  <testcase classname="Comgeneric.Imed.Imed.IMED_Test" name="LoginIMed" time="0.01">
    <skipped/>
  </testcase>
  <testcase classname="Comgeneric.Imed.Imed.IMED_Test" name="CustomerSearchBox" time="0">
    <skipped/>
  </testcase>
  <testcase classname="Comgeneric.Imed.Imed.IMED_Test" name="Logout" time="0">
    <skipped/>
  </testcase>
  <testcase classname="Comgeneric.Imed.Imed.IMED_Test" name="LoginIMed" time="0.001">
    <skipped/>
  </testcase>
  <testcase classname="Comgeneric.Imed.Imed.IMED_Test" name="CreateNewCustomervalidation" time="0.004">
    <skipped/>
  </testcase>
  <testcase classname="Comgeneric.Imed.Imed.IMED_Test" name="Logout" time="0.004">
    <skipped/>
  </testcase>
  <testcase classname="Comgeneric.Imed.Imed.IMED_Test" name="LoginIMed" time="0.004">
    <skipped/>
  </testcase>
  <testcase classname="Comgeneric.Imed.Imed.IMED_Test" name="CreateNewCustomer" time="0">
    <skipped/>
  </testcase>
  <testcase classname="Comgeneric.Imed.Imed.IMED_Test" name="Logout" time="0">
    <skipped/>
  </testcase>
  <testcase classname="Comgeneric.Imed.Imed.IMED_Test" name="LoginIMed" time="0">
    <skipped/>
  </testcase>
  <testcase classname="Comgeneric.Imed.Imed.IMED_Test" name="CustomerADDAssetValidation" time="0.001">
    <skipped/>
  </testcase>
  <testcase classname="Comgeneric.Imed.Imed.IMED_Test" name="Logout" time="0.001">
    <skipped/>
  </testcase>
  <testcase classname="Comgeneric.Imed.Imed.IMED_Test" name="LoginIMed" time="0.001">
    <skipped/>
  </testcase>
  <testcase classname="Comgeneric.Imed.Imed.IMED_Test" name="CustomerADDAsset" time="0">
    <skipped/>
  </testcase>
  <testcase classname="Comgeneric.Imed.Imed.IMED_Test" name="Logout" time="0">
    <skipped/>
  </testcase>
  <testcase classname="Comgeneric.Imed.Imed.IMED_Test" name="LoginIMed" time="0">
    <skipped/>
  </testcase>
  <testcase classname="Comgeneric.Imed.Imed.IMED_Test" name="CustomerADDLocationValidations" time="0">
    <skipped/>
  </testcase>
  <testcase classname="Comgeneric.Imed.Imed.IMED_Test" name="Logout" time="0.001">
    <skipped/>
  </testcase>
  <testcase classname="Comgeneric.Imed.Imed.IMED_Test" name="LoginIMed" time="0.001">
    <skipped/>
  </testcase>
  <testcase classname="Comgeneric.Imed.Imed.IMED_Test" name="CustomerADDLocation" time="0">
    <skipped/>
  </testcase>
  <testcase classname="Comgeneric.Imed.Imed.IMED_Test" name="Logout" time="0.001">
    <skipped/>
  </testcase>
  <testcase classname="Comgeneric.Imed.Imed.IMED_Test" name="LoginIMed" time="0.001">
    <skipped/>
  </testcase>
  <testcase classname="Comgeneric.Imed.Imed.IMED_Test" name="CustomerADDWarehousevalidation" time="0">
    <skipped/>
  </testcase>
  <testcase classname="Comgeneric.Imed.Imed.IMED_Test" name="Logout" time="0.001">
    <skipped/>
  </testcase>
  <testcase classname="Comgeneric.Imed.Imed.IMED_Test" name="LoginIMed" time="0.001">
    <skipped/>
  </testcase>
  <testcase classname="Comgeneric.Imed.Imed.IMED_Test" name="CustomerADDWareHouse" time="0">
    <skipped/>
  </testcase>
  <testcase classname="Comgeneric.Imed.Imed.IMED_Test" name="Logout" time="0">
    <skipped/>
  </testcase>
  <testcase classname="Comgeneric.Imed.Imed.IMED_Test" name="LoginIMed" time="0.001">
    <skipped/>
  </testcase>
  <testcase classname="Comgeneric.Imed.Imed.IMED_Test" name="CustomerUser" time="0">
    <skipped/>
  </testcase>
  <testcase classname="Comgeneric.Imed.Imed.IMED_Test" name="Logout" time="0">
    <skipped/>
  </testcase>
  <testcase classname="Comgeneric.Imed.Imed.IMED_Test" name="LoginIMed" time="0.001">
    <skipped/>
  </testcase>
  <testcase classname="Comgeneric.Imed.Imed.IMED_Test" name="EditCustomer" time="0">
    <skipped/>
  </testcase>
  <testcase classname="Comgeneric.Imed.Imed.IMED_Test" name="Logout" time="0">
    <skipped/>
  </testcase>
  <testcase classname="Comgeneric.Imed.Imed.IMED_Test" name="LoginIMed" time="0.001">
    <skipped/>
  </testcase>
  <testcase classname="Comgeneric.Imed.Imed.IMED_Test" name="DelCustomer" time="0">
    <skipped/>
  </testcase>
  <testcase classname="Comgeneric.Imed.Imed.IMED_Test" name="Logout" time="0">
    <skipped/>
  </testcase>
  <testcase classname="Comgeneric.Imed.Imed.IMED_Test" name="Close" time="0.001">
    <skipped/>
  </testcase>
</testsuite>